<?xml version="1.0" encoding="UTF-8"?>
<testng-results ignored="0" total="1" passed="1" failed="0" skipped="0">
  <reporter-output>
  </reporter-output>
  <suite started-at="2025-03-03T18:49:09 IST" name="Suite" finished-at="2025-03-03T18:49:29 IST" duration-ms="20212">
    <groups>
    </groups>
    <test started-at="2025-03-03T18:49:09 IST" name="Test" finished-at="2025-03-03T18:49:29 IST" duration-ms="20212">
      <class name="TestCase.GoogleHomePageTest">
        <test-method is-config="true" signature="setupDriver()[pri:0, instance:TestCase.GoogleHomePageTest@5c6648b0]" started-at="2025-03-03T18:49:09 IST" name="setupDriver" finished-at="2025-03-03T18:49:22 IST" duration-ms="12712" status="PASS">
          <reporter-output>
          </reporter-output>
        </test-method> <!-- setupDriver -->
        <test-method signature="GoogleHomePage()[pri:0, instance:TestCase.GoogleHomePageTest@5c6648b0]" started-at="2025-03-03T18:49:22 IST" name="GoogleHomePage" finished-at="2025-03-03T18:49:29 IST" duration-ms="6808" status="PASS">
          <reporter-output>
          </reporter-output>
        </test-method> <!-- GoogleHomePage -->
        <test-method is-config="true" signature="closeDriver()[pri:0, instance:TestCase.GoogleHomePageTest@5c6648b0]" started-at="2025-03-03T18:49:29 IST" name="closeDriver" finished-at="2025-03-03T18:49:29 IST" duration-ms="188" status="PASS">
          <reporter-output>
          </reporter-output>
        </test-method> <!-- closeDriver -->
      </class> <!-- TestCase.GoogleHomePageTest -->
    </test> <!-- Test -->
  </suite> <!-- Suite -->
</testng-results>
