<?xml version="1.0" encoding="UTF-8"?>
<testng-results ignored="0" total="1" passed="1" failed="0" skipped="0">
  <reporter-output>
  </reporter-output>
  <suite started-at="2025-02-28T14:53:14 IST" name="Suite" finished-at="2025-02-28T14:53:24 IST" duration-ms="9982">
    <groups>
    </groups>
    <test started-at="2025-02-28T14:53:14 IST" name="Test" finished-at="2025-02-28T14:53:24 IST" duration-ms="9982">
      <class name="TestCase.GoogleHomePageTest">
        <test-method is-config="true" signature="setupDriver()[pri:0, instance:TestCase.GoogleHomePageTest@5c6648b0]" started-at="2025-02-28T14:53:14 IST" name="setupDriver" finished-at="2025-02-28T14:53:18 IST" duration-ms="3707" status="PASS">
          <reporter-output>
          </reporter-output>
        </test-method> <!-- setupDriver -->
        <test-method signature="GoogleHomePage()[pri:0, instance:TestCase.GoogleHomePageTest@5c6648b0]" started-at="2025-02-28T14:53:18 IST" name="GoogleHomePage" finished-at="2025-02-28T14:53:24 IST" duration-ms="6071" status="PASS">
          <reporter-output>
          </reporter-output>
        </test-method> <!-- GoogleHomePage -->
        <test-method is-config="true" signature="closeDriver()[pri:0, instance:TestCase.GoogleHomePageTest@5c6648b0]" started-at="2025-02-28T14:53:24 IST" name="closeDriver" finished-at="2025-02-28T14:53:24 IST" duration-ms="132" status="PASS">
          <reporter-output>
          </reporter-output>
        </test-method> <!-- closeDriver -->
      </class> <!-- TestCase.GoogleHomePageTest -->
    </test> <!-- Test -->
  </suite> <!-- Suite -->
</testng-results>
